<?xml version="1.0" encoding="UTF-8"?>
<!-- Generated by org.testng.reporters.JUnitReportReporter -->
<testsuite hostname="Charan" failures="0" tests="6" name="com.qa.tests.LoginTests" time="0.022" errors="0" timestamp="2021-11-13T15:48:27 IST" skipped="0">
  <testcase classname="com.qa.tests.LoginTests" name="test1" time="0.012"/>
  <system-out/>
  <testcase classname="com.qa.tests.LoginTests" name="test5" time="0.002"/>
  <system-out/>
  <testcase classname="com.qa.tests.LoginTests" name="test6" time="0.002"/>
  <system-out/>
  <testcase classname="com.qa.tests.LoginTests" name="test3" time="0.002"/>
  <system-out/>
  <testcase classname="com.qa.tests.LoginTests" name="test4" time="0.002"/>
  <system-out/>
  <testcase classname="com.qa.tests.LoginTests" name="test2" time="0.002"/>
  <system-out/>
</testsuite> <!-- com.qa.tests.LoginTests -->
